

Started GET "/" for ::1 at 2016-06-18 12:50:40 -0700

PG::ConnectionBad - FATAL:  database "organ_grinder_dev" does not exist
:
  activerecord (4.2.0) lib/active_record/connection_adapters/postgresql_adapter.rb:651:in `connect'
  activerecord (4.2.0) lib/active_record/connection_adapters/postgresql_adapter.rb:242:in `initialize'
  activerecord (4.2.0) lib/active_record/connection_adapters/postgresql_adapter.rb:44:in `postgresql_connection'
  activerecord (4.2.0) lib/active_record/connection_adapters/abstract/connection_pool.rb:436:in `new_connection'
  activerecord (4.2.0) lib/active_record/connection_adapters/abstract/connection_pool.rb:446:in `checkout_new_connection'
  activerecord (4.2.0) lib/active_record/connection_adapters/abstract/connection_pool.rb:422:in `acquire_connection'
  activerecord (4.2.0) lib/active_record/connection_adapters/abstract/connection_pool.rb:349:in `block in checkout'
  /System/Library/Frameworks/Ruby.framework/Versions/2.0/usr/lib/ruby/2.0.0/monitor.rb:211:in `mon_synchronize'
  activerecord (4.2.0) lib/active_record/connection_adapters/abstract/connection_pool.rb:348:in `checkout'
  activerecord (4.2.0) lib/active_record/connection_adapters/abstract/connection_pool.rb:263:in `block in connection'
  /System/Library/Frameworks/Ruby.framework/Versions/2.0/usr/lib/ruby/2.0.0/monitor.rb:211:in `mon_synchronize'
  activerecord (4.2.0) lib/active_record/connection_adapters/abstract/connection_pool.rb:262:in `connection'
  activerecord (4.2.0) lib/active_record/connection_adapters/abstract/connection_pool.rb:565:in `retrieve_connection'
  activerecord (4.2.0) lib/active_record/connection_handling.rb:113:in `retrieve_connection'
  activerecord (4.2.0) lib/active_record/connection_handling.rb:87:in `connection'
  activerecord (4.2.0) lib/active_record/migration.rb:384:in `connection'
  activerecord (4.2.0) lib/active_record/migration.rb:371:in `call'
  actionpack (4.2.0) lib/action_dispatch/middleware/callbacks.rb:29:in `block in call'
  activesupport (4.2.0) lib/active_support/callbacks.rb:88:in `_run_callbacks'
  activesupport (4.2.0) lib/active_support/callbacks.rb:734:in `_run_call_callbacks'
  activesupport (4.2.0) lib/active_support/callbacks.rb:81:in `run_callbacks'
  actionpack (4.2.0) lib/action_dispatch/middleware/callbacks.rb:27:in `call'
  actionpack (4.2.0) lib/action_dispatch/middleware/reloader.rb:73:in `call'
  actionpack (4.2.0) lib/action_dispatch/middleware/remote_ip.rb:78:in `call'
  better_errors (2.1.1) lib/better_errors/middleware.rb:84:in `protected_app_call'
  better_errors (2.1.1) lib/better_errors/middleware.rb:79:in `better_errors_call'
  better_errors (2.1.1) lib/better_errors/middleware.rb:57:in `call'
  actionpack (4.2.0) lib/action_dispatch/middleware/debug_exceptions.rb:17:in `call'
  web-console (2.3.0) lib/web_console/middleware.rb:28:in `block in call'
  web-console (2.3.0) lib/web_console/middleware.rb:18:in `call'
  actionpack (4.2.0) lib/action_dispatch/middleware/show_exceptions.rb:30:in `call'
  railties (4.2.0) lib/rails/rack/logger.rb:38:in `call_app'
  railties (4.2.0) lib/rails/rack/logger.rb:20:in `block in call'
  activesupport (4.2.0) lib/active_support/tagged_logging.rb:68:in `block in tagged'
  activesupport (4.2.0) lib/active_support/tagged_logging.rb:26:in `tagged'
  activesupport (4.2.0) lib/active_support/tagged_logging.rb:68:in `tagged'
  railties (4.2.0) lib/rails/rack/logger.rb:20:in `call'
  actionpack (4.2.0) lib/action_dispatch/middleware/request_id.rb:21:in `call'
  rack (1.6.4) lib/rack/methodoverride.rb:22:in `call'
  rack (1.6.4) lib/rack/runtime.rb:18:in `call'
  activesupport (4.2.0) lib/active_support/cache/strategy/local_cache_middleware.rb:28:in `call'
  rack (1.6.4) lib/rack/lock.rb:17:in `call'
  actionpack (4.2.0) lib/action_dispatch/middleware/static.rb:113:in `call'
  rack (1.6.4) lib/rack/sendfile.rb:113:in `call'
  railties (4.2.0) lib/rails/engine.rb:518:in `call'
  railties (4.2.0) lib/rails/application.rb:164:in `call'
  rack (1.6.4) lib/rack/lock.rb:17:in `call'
  rack (1.6.4) lib/rack/content_length.rb:15:in `call'
  rack (1.6.4) lib/rack/handler/webrick.rb:88:in `service'
  /System/Library/Frameworks/Ruby.framework/Versions/2.0/usr/lib/ruby/2.0.0/webrick/httpserver.rb:138:in `service'
  /System/Library/Frameworks/Ruby.framework/Versions/2.0/usr/lib/ruby/2.0.0/webrick/httpserver.rb:94:in `run'
  /System/Library/Frameworks/Ruby.framework/Versions/2.0/usr/lib/ruby/2.0.0/webrick/server.rb:295:in `block in start_thread'



Started POST "/__better_errors/34934215e1fd44e7/variables" for ::1 at 2016-06-18 12:50:41 -0700
  [1m[36mSQL (2.8ms)[0m  [1mCREATE EXTENSION IF NOT EXISTS "plpgsql"[0m
  [1m[35m (31.7ms)[0m  CREATE TABLE "tracks" ("id" serial primary key, "name" character varying, "roll" json, "created_at" timestamp NOT NULL, "updated_at" timestamp NOT NULL) 
  [1m[36m (3.9ms)[0m  [1mCREATE TABLE "schema_migrations" ("version" character varying NOT NULL) [0m
  [1m[35m (2.7ms)[0m  CREATE UNIQUE INDEX  "unique_schema_migrations" ON "schema_migrations"  ("version")
  [1m[36m (0.6ms)[0m  [1mSELECT version FROM "schema_migrations"[0m
  [1m[35m (1.0ms)[0m  INSERT INTO "schema_migrations" (version) VALUES ('20150514224223')
  [1m[36mActiveRecord::SchemaMigration Load (0.6ms)[0m  [1mSELECT "schema_migrations".* FROM "schema_migrations"[0m


Started GET "/" for ::1 at 2016-06-18 12:55:46 -0700
  [1m[36mActiveRecord::SchemaMigration Load (0.6ms)[0m  [1mSELECT "schema_migrations".* FROM "schema_migrations"[0m
Processing by StaticPagesController#root as HTML
  Rendered static_pages/root.html.erb within layouts/application (11.1ms)
Completed 200 OK in 1932ms (Views: 1904.2ms | ActiveRecord: 0.0ms)


Started GET "/assets/static_pages.self-e3b0c44298fc1c149afbf4c8996fb92427ae41e4649b934ca495991b7852b855.css?body=1" for ::1 at 2016-06-18 12:55:49 -0700


Started GET "/assets/application.self-9e1e059d0cec7b5fc99903b203775ca38211f8c415c6125344581e7e971da196.css?body=1" for ::1 at 2016-06-18 12:55:49 -0700


Started GET "/assets/tracks.self-e3b0c44298fc1c149afbf4c8996fb92427ae41e4649b934ca495991b7852b855.css?body=1" for ::1 at 2016-06-18 12:55:49 -0700


Started GET "/assets/bundle.self-192c5dce27a10f8718046f784ed646256e12ae3b3b1e7d456b9915225b3776ca.js?body=1" for ::1 at 2016-06-18 12:55:49 -0700


Started GET "/assets/application.self-9e4e92925f0485c3b92db1c49086e61d2facb72ba1cbd2c008e77a5d8b03ee1d.js?body=1" for ::1 at 2016-06-18 12:55:49 -0700


Started GET "/api/tracks" for ::1 at 2016-06-18 12:55:49 -0700
Processing by Api::TracksController#index as JSON
  [1m[35mTrack Load (1.8ms)[0m  SELECT "tracks".* FROM "tracks"
Completed 200 OK in 13ms (Views: 2.5ms | ActiveRecord: 4.7ms)


Started GET "/assets/bundle.js.map" for ::1 at 2016-06-18 12:55:58 -0700


Started GET "/" for ::1 at 2016-06-18 15:09:17 -0700
Processing by StaticPagesController#root as HTML
  Rendered static_pages/root.html.erb within layouts/application (0.7ms)
Completed 200 OK in 943ms (Views: 926.8ms | ActiveRecord: 0.0ms)


Started GET "/assets/tracks.self-e3b0c44298fc1c149afbf4c8996fb92427ae41e4649b934ca495991b7852b855.css?body=1" for ::1 at 2016-06-18 15:09:19 -0700


Started GET "/assets/static_pages.self-e3b0c44298fc1c149afbf4c8996fb92427ae41e4649b934ca495991b7852b855.css?body=1" for ::1 at 2016-06-18 15:09:19 -0700


Started GET "/assets/application.self-9e1e059d0cec7b5fc99903b203775ca38211f8c415c6125344581e7e971da196.css?body=1" for ::1 at 2016-06-18 15:09:19 -0700


Started GET "/assets/bundle.self-eda3824e48339a6c269ca4de5a302c560e3f49410421570a3bdd14a2c8440b6b.js?body=1" for ::1 at 2016-06-18 15:09:19 -0700


Started GET "/assets/application.self-9e4e92925f0485c3b92db1c49086e61d2facb72ba1cbd2c008e77a5d8b03ee1d.js?body=1" for ::1 at 2016-06-18 15:09:19 -0700


Started GET "/assets/bundle.js.map" for ::1 at 2016-06-18 15:09:19 -0700


Started GET "/api/tracks" for ::1 at 2016-06-18 15:09:19 -0700
Processing by Api::TracksController#index as JSON
  [1m[36mTrack Load (14.1ms)[0m  [1mSELECT "tracks".* FROM "tracks"[0m
Completed 200 OK in 18ms (Views: 1.9ms | ActiveRecord: 14.1ms)


Started POST "/api/tracks" for ::1 at 2016-06-18 15:10:06 -0700
Processing by Api::TracksController#create as JSON
  Parameters: {"track"=>{"name"=>"testing", "roll"=>[{"time"=>7497, "notes"=>["F5"]}, {"time"=>7646}, {"time"=>7672, "notes"=>["D5"]}, {"time"=>7849}, {"time"=>10053}]}}
  [1m[35m (3.0ms)[0m  BEGIN
  [1m[36mSQL (9.0ms)[0m  [1mINSERT INTO "tracks" ("name", "roll", "created_at", "updated_at") VALUES ($1, $2, $3, $4) RETURNING "id"[0m  [["name", "testing"], ["roll", "[{\"time\":7497,\"notes\":[\"F5\"]},{\"time\":7646},{\"time\":7672,\"notes\":[\"D5\"]},{\"time\":7849},{\"time\":10053}]"], ["created_at", "2016-06-18 22:10:06.868427"], ["updated_at", "2016-06-18 22:10:06.868427"]]
  [1m[35m (2.6ms)[0m  COMMIT
Completed 200 OK in 155ms (Views: 0.9ms | ActiveRecord: 70.0ms)


Started GET "/" for ::1 at 2016-06-18 16:04:22 -0700
Processing by StaticPagesController#root as HTML
  Rendered static_pages/root.html.erb within layouts/application (1.2ms)
Completed 200 OK in 956ms (Views: 941.1ms | ActiveRecord: 0.0ms)


Started GET "/assets/static_pages.self-e3b0c44298fc1c149afbf4c8996fb92427ae41e4649b934ca495991b7852b855.css?body=1" for ::1 at 2016-06-18 16:04:23 -0700


Started GET "/assets/tracks.self-e3b0c44298fc1c149afbf4c8996fb92427ae41e4649b934ca495991b7852b855.css?body=1" for ::1 at 2016-06-18 16:04:23 -0700


Started GET "/assets/bundle.self-7c7841aa0d469e0d22629751dfe4789a5a0218f8f00c25e24f621f07b2ea399a.js?body=1" for ::1 at 2016-06-18 16:04:23 -0700


Started GET "/assets/application.self-9e1e059d0cec7b5fc99903b203775ca38211f8c415c6125344581e7e971da196.css?body=1" for ::1 at 2016-06-18 16:04:23 -0700


Started GET "/assets/application.self-9e4e92925f0485c3b92db1c49086e61d2facb72ba1cbd2c008e77a5d8b03ee1d.js?body=1" for ::1 at 2016-06-18 16:04:23 -0700


Started GET "/" for ::1 at 2016-06-18 16:36:29 -0700
Processing by StaticPagesController#root as HTML
  Rendered static_pages/root.html.erb within layouts/application (0.5ms)
Completed 200 OK in 893ms (Views: 886.3ms | ActiveRecord: 0.0ms)


Started GET "/assets/static_pages.self-e3b0c44298fc1c149afbf4c8996fb92427ae41e4649b934ca495991b7852b855.css?body=1" for ::1 at 2016-06-18 16:36:30 -0700


Started GET "/assets/tracks.self-e3b0c44298fc1c149afbf4c8996fb92427ae41e4649b934ca495991b7852b855.css?body=1" for ::1 at 2016-06-18 16:36:30 -0700


Started GET "/assets/application.self-9e1e059d0cec7b5fc99903b203775ca38211f8c415c6125344581e7e971da196.css?body=1" for ::1 at 2016-06-18 16:36:30 -0700


Started GET "/assets/bundle.self-744c26efa8310e893365b0375785d9657036f4048f4f8e54b251a838435b1305.js?body=1" for ::1 at 2016-06-18 16:36:30 -0700


Started GET "/assets/application.self-9e4e92925f0485c3b92db1c49086e61d2facb72ba1cbd2c008e77a5d8b03ee1d.js?body=1" for ::1 at 2016-06-18 16:36:30 -0700


Started GET "/assets/bundle.js.map" for ::1 at 2016-06-18 16:36:31 -0700


Started GET "/" for ::1 at 2016-06-18 16:36:52 -0700
Processing by StaticPagesController#root as HTML
  Rendered static_pages/root.html.erb within layouts/application (0.1ms)
Completed 200 OK in 604ms (Views: 603.2ms | ActiveRecord: 0.0ms)


Started GET "/assets/static_pages.self-e3b0c44298fc1c149afbf4c8996fb92427ae41e4649b934ca495991b7852b855.css?body=1" for ::1 at 2016-06-18 16:36:53 -0700


Started GET "/assets/tracks.self-e3b0c44298fc1c149afbf4c8996fb92427ae41e4649b934ca495991b7852b855.css?body=1" for ::1 at 2016-06-18 16:36:53 -0700


Started GET "/assets/application.self-9e1e059d0cec7b5fc99903b203775ca38211f8c415c6125344581e7e971da196.css?body=1" for ::1 at 2016-06-18 16:36:53 -0700


Started GET "/assets/application.self-9e4e92925f0485c3b92db1c49086e61d2facb72ba1cbd2c008e77a5d8b03ee1d.js?body=1" for ::1 at 2016-06-18 16:36:53 -0700


Started GET "/assets/bundle.self-2221622773d24f9efe0eae9192dc7e4edeb59be7da593b7c302438ccd6cbaaec.js?body=1" for ::1 at 2016-06-18 16:36:53 -0700


Started GET "/assets/bundle.js.map" for ::1 at 2016-06-18 16:36:53 -0700


Started GET "/" for ::1 at 2016-06-18 16:54:06 -0700
Processing by StaticPagesController#root as HTML
  Rendered static_pages/root.html.erb within layouts/application (0.5ms)
Completed 200 OK in 69ms (Views: 60.5ms | ActiveRecord: 0.0ms)


Started GET "/assets/static_pages.self-e3b0c44298fc1c149afbf4c8996fb92427ae41e4649b934ca495991b7852b855.css?body=1" for ::1 at 2016-06-18 16:54:07 -0700


Started GET "/assets/bundle.self-2221622773d24f9efe0eae9192dc7e4edeb59be7da593b7c302438ccd6cbaaec.js?body=1" for ::1 at 2016-06-18 16:54:07 -0700


Started GET "/assets/application.self-9e1e059d0cec7b5fc99903b203775ca38211f8c415c6125344581e7e971da196.css?body=1" for ::1 at 2016-06-18 16:54:07 -0700


Started GET "/assets/application.self-9e4e92925f0485c3b92db1c49086e61d2facb72ba1cbd2c008e77a5d8b03ee1d.js?body=1" for ::1 at 2016-06-18 16:54:07 -0700


Started GET "/assets/tracks.self-e3b0c44298fc1c149afbf4c8996fb92427ae41e4649b934ca495991b7852b855.css?body=1" for ::1 at 2016-06-18 16:54:07 -0700


Started GET "/assets/bundle.js.map" for ::1 at 2016-06-18 16:54:07 -0700


Started GET "/" for ::1 at 2016-06-18 17:22:59 -0700
Processing by StaticPagesController#root as HTML
  Rendered static_pages/root.html.erb within layouts/application (0.7ms)
Completed 200 OK in 1020ms (Views: 1010.7ms | ActiveRecord: 0.0ms)


Started GET "/assets/static_pages.self-e3b0c44298fc1c149afbf4c8996fb92427ae41e4649b934ca495991b7852b855.css?body=1" for ::1 at 2016-06-18 17:23:00 -0700


Started GET "/assets/tracks.self-e3b0c44298fc1c149afbf4c8996fb92427ae41e4649b934ca495991b7852b855.css?body=1" for ::1 at 2016-06-18 17:23:00 -0700


Started GET "/assets/application.self-9e1e059d0cec7b5fc99903b203775ca38211f8c415c6125344581e7e971da196.css?body=1" for ::1 at 2016-06-18 17:23:00 -0700


Started GET "/assets/application.self-9e4e92925f0485c3b92db1c49086e61d2facb72ba1cbd2c008e77a5d8b03ee1d.js?body=1" for ::1 at 2016-06-18 17:23:00 -0700


Started GET "/assets/bundle.self-c7b1a1cb0f68bb53f83f881475932019880c54bcf7aac8bffc64888e33811ad4.js?body=1" for ::1 at 2016-06-18 17:23:00 -0700


Started GET "/assets/bundle.js.map" for ::1 at 2016-06-18 17:23:01 -0700


Started GET "/api/tracks" for ::1 at 2016-06-18 17:23:01 -0700
Processing by Api::TracksController#index as JSON
  [1m[36mTrack Load (14.8ms)[0m  [1mSELECT "tracks".* FROM "tracks"[0m
Completed 200 OK in 22ms (Views: 6.5ms | ActiveRecord: 14.8ms)


Started GET "/" for ::1 at 2016-06-18 17:26:10 -0700
Processing by StaticPagesController#root as HTML
  Rendered static_pages/root.html.erb within layouts/application (0.5ms)
Completed 200 OK in 883ms (Views: 877.5ms | ActiveRecord: 0.0ms)


Started GET "/assets/static_pages.self-e3b0c44298fc1c149afbf4c8996fb92427ae41e4649b934ca495991b7852b855.css?body=1" for ::1 at 2016-06-18 17:26:11 -0700


Started GET "/assets/tracks.self-e3b0c44298fc1c149afbf4c8996fb92427ae41e4649b934ca495991b7852b855.css?body=1" for ::1 at 2016-06-18 17:26:11 -0700


Started GET "/assets/application.self-9e1e059d0cec7b5fc99903b203775ca38211f8c415c6125344581e7e971da196.css?body=1" for ::1 at 2016-06-18 17:26:11 -0700


Started GET "/assets/bundle.self-8724887d3bcbf1bbe69dc30f0ffd5fe252ea0cf41606959d5d4b0d55c21eabe9.js?body=1" for ::1 at 2016-06-18 17:26:11 -0700


Started GET "/assets/application.self-9e4e92925f0485c3b92db1c49086e61d2facb72ba1cbd2c008e77a5d8b03ee1d.js?body=1" for ::1 at 2016-06-18 17:26:11 -0700


Started GET "/assets/bundle.js.map" for ::1 at 2016-06-18 17:26:11 -0700


Started GET "/api/tracks" for ::1 at 2016-06-18 17:26:12 -0700
Processing by Api::TracksController#index as JSON
  [1m[35mTrack Load (2.9ms)[0m  SELECT "tracks".* FROM "tracks"
Completed 200 OK in 7ms (Views: 3.0ms | ActiveRecord: 2.9ms)


Started POST "/api/tracks" for ::1 at 2016-06-18 17:26:27 -0700
Processing by Api::TracksController#create as JSON
  Parameters: {"track"=>{"name"=>"test2", "roll"=>[{"time"=>824, "notes"=>["F5"]}, {"time"=>997}, {"time"=>1116, "notes"=>["D5"]}, {"time"=>1304}, {"time"=>2272, "notes"=>["D5"]}, {"time"=>2423}, {"time"=>2710, "notes"=>["C5"]}, {"time"=>2900}, {"time"=>4899}]}}
  [1m[36m (2.4ms)[0m  [1mBEGIN[0m
  [1m[35mSQL (17.3ms)[0m  INSERT INTO "tracks" ("name", "roll", "created_at", "updated_at") VALUES ($1, $2, $3, $4) RETURNING "id"  [["name", "test2"], ["roll", "[{\"time\":824,\"notes\":[\"F5\"]},{\"time\":997},{\"time\":1116,\"notes\":[\"D5\"]},{\"time\":1304},{\"time\":2272,\"notes\":[\"D5\"]},{\"time\":2423},{\"time\":2710,\"notes\":[\"C5\"]},{\"time\":2900},{\"time\":4899}]"], ["created_at", "2016-06-19 00:26:27.892662"], ["updated_at", "2016-06-19 00:26:27.892662"]]
  [1m[36m (1.0ms)[0m  [1mCOMMIT[0m
Completed 200 OK in 30ms (Views: 0.4ms | ActiveRecord: 20.7ms)


Started GET "/" for ::1 at 2016-06-18 17:27:05 -0700
Processing by StaticPagesController#root as HTML
  Rendered static_pages/root.html.erb within layouts/application (0.1ms)
Completed 200 OK in 18ms (Views: 17.1ms | ActiveRecord: 0.0ms)


Started GET "/assets/bundle.self-8724887d3bcbf1bbe69dc30f0ffd5fe252ea0cf41606959d5d4b0d55c21eabe9.js?body=1" for ::1 at 2016-06-18 17:27:05 -0700


Started GET "/assets/tracks.self-e3b0c44298fc1c149afbf4c8996fb92427ae41e4649b934ca495991b7852b855.css?body=1" for ::1 at 2016-06-18 17:27:05 -0700


Started GET "/assets/static_pages.self-e3b0c44298fc1c149afbf4c8996fb92427ae41e4649b934ca495991b7852b855.css?body=1" for ::1 at 2016-06-18 17:27:05 -0700


Started GET "/assets/application.self-9e1e059d0cec7b5fc99903b203775ca38211f8c415c6125344581e7e971da196.css?body=1" for ::1 at 2016-06-18 17:27:05 -0700


Started GET "/assets/application.self-9e4e92925f0485c3b92db1c49086e61d2facb72ba1cbd2c008e77a5d8b03ee1d.js?body=1" for ::1 at 2016-06-18 17:27:05 -0700


Started GET "/assets/bundle.js.map" for ::1 at 2016-06-18 17:27:05 -0700


Started GET "/api/tracks" for ::1 at 2016-06-18 17:27:06 -0700
Processing by Api::TracksController#index as JSON
  [1m[35mTrack Load (0.5ms)[0m  SELECT "tracks".* FROM "tracks"
Completed 200 OK in 7ms (Views: 5.2ms | ActiveRecord: 0.5ms)


Started POST "/api/tracks" for ::1 at 2016-06-18 17:27:15 -0700
Processing by Api::TracksController#create as JSON
  Parameters: {"track"=>{"name"=>"test3", "roll"=>[{"time"=>907, "notes"=>["D5"]}, {"time"=>1094}, {"time"=>1548, "notes"=>["D5"]}, {"time"=>1624}, {"time"=>1834, "notes"=>["C5"]}, {"time"=>1965, "notes"=>["C5", "G5"]}, {"time"=>2015, "notes"=>["G5"]}, {"time"=>2149}, {"time"=>2406, "notes"=>["B5"]}, {"time"=>2606}, {"time"=>4011}]}}
  [1m[36m (0.3ms)[0m  [1mBEGIN[0m
  [1m[35mSQL (0.5ms)[0m  INSERT INTO "tracks" ("name", "roll", "created_at", "updated_at") VALUES ($1, $2, $3, $4) RETURNING "id"  [["name", "test3"], ["roll", "[{\"time\":907,\"notes\":[\"D5\"]},{\"time\":1094},{\"time\":1548,\"notes\":[\"D5\"]},{\"time\":1624},{\"time\":1834,\"notes\":[\"C5\"]},{\"time\":1965,\"notes\":[\"C5\",\"G5\"]},{\"time\":2015,\"notes\":[\"G5\"]},{\"time\":2149},{\"time\":2406,\"notes\":[\"B5\"]},{\"time\":2606},{\"time\":4011}]"], ["created_at", "2016-06-19 00:27:15.761590"], ["updated_at", "2016-06-19 00:27:15.761590"]]
  [1m[36m (0.4ms)[0m  [1mCOMMIT[0m
Completed 200 OK in 12ms (Views: 0.5ms | ActiveRecord: 1.1ms)


Started GET "/" for ::1 at 2016-06-18 17:37:39 -0700
Processing by StaticPagesController#root as HTML
  Rendered static_pages/root.html.erb within layouts/application (0.4ms)
Completed 200 OK in 997ms (Views: 988.7ms | ActiveRecord: 0.0ms)


Started GET "/assets/static_pages.self-e3b0c44298fc1c149afbf4c8996fb92427ae41e4649b934ca495991b7852b855.css?body=1" for ::1 at 2016-06-18 17:37:40 -0700


Started GET "/assets/application.self-9e1e059d0cec7b5fc99903b203775ca38211f8c415c6125344581e7e971da196.css?body=1" for ::1 at 2016-06-18 17:37:40 -0700


Started GET "/assets/application.self-9e4e92925f0485c3b92db1c49086e61d2facb72ba1cbd2c008e77a5d8b03ee1d.js?body=1" for ::1 at 2016-06-18 17:37:40 -0700


Started GET "/assets/tracks.self-e3b0c44298fc1c149afbf4c8996fb92427ae41e4649b934ca495991b7852b855.css?body=1" for ::1 at 2016-06-18 17:37:40 -0700


Started GET "/assets/bundle.self-6f6b9ac06aafd06ba0a0cdb300e6c40f5675936418b2aeb1c9cec98a90506480.js?body=1" for ::1 at 2016-06-18 17:37:40 -0700


Started GET "/api/tracks" for ::1 at 2016-06-18 17:37:41 -0700
Processing by Api::TracksController#index as JSON
  [1m[35mTrack Load (13.3ms)[0m  SELECT "tracks".* FROM "tracks"
Completed 200 OK in 20ms (Views: 4.1ms | ActiveRecord: 13.3ms)


Started POST "/api/tracks" for ::1 at 2016-06-18 17:59:39 -0700
Processing by Api::TracksController#create as JSON
  Parameters: {"track"=>{"name"=>"test4", "roll"=>[{"time"=>850, "notes"=>["E5"]}, {"time"=>1003}, {"time"=>1155, "notes"=>["G5"]}, {"time"=>1337}, {"time"=>1352, "notes"=>["D5"]}, {"time"=>1516}, {"time"=>2823}]}}
  [1m[36m (3.0ms)[0m  [1mBEGIN[0m
  [1m[35mSQL (20.4ms)[0m  INSERT INTO "tracks" ("name", "roll", "created_at", "updated_at") VALUES ($1, $2, $3, $4) RETURNING "id"  [["name", "test4"], ["roll", "[{\"time\":850,\"notes\":[\"E5\"]},{\"time\":1003},{\"time\":1155,\"notes\":[\"G5\"]},{\"time\":1337},{\"time\":1352,\"notes\":[\"D5\"]},{\"time\":1516},{\"time\":2823}]"], ["created_at", "2016-06-19 00:59:40.037456"], ["updated_at", "2016-06-19 00:59:40.037456"]]
  [1m[36m (2.5ms)[0m  [1mCOMMIT[0m
Completed 200 OK in 83ms (Views: 2.2ms | ActiveRecord: 25.9ms)


Started GET "/" for ::1 at 2016-06-18 18:00:07 -0700
Processing by StaticPagesController#root as HTML
  Rendered static_pages/root.html.erb within layouts/application (0.7ms)
Completed 200 OK in 50ms (Views: 48.8ms | ActiveRecord: 0.0ms)


Started GET "/assets/static_pages.self-e3b0c44298fc1c149afbf4c8996fb92427ae41e4649b934ca495991b7852b855.css?body=1" for ::1 at 2016-06-18 18:00:07 -0700


Started GET "/assets/bundle.self-6f6b9ac06aafd06ba0a0cdb300e6c40f5675936418b2aeb1c9cec98a90506480.js?body=1" for ::1 at 2016-06-18 18:00:07 -0700


Started GET "/assets/application.self-9e4e92925f0485c3b92db1c49086e61d2facb72ba1cbd2c008e77a5d8b03ee1d.js?body=1" for ::1 at 2016-06-18 18:00:07 -0700


Started GET "/assets/tracks.self-e3b0c44298fc1c149afbf4c8996fb92427ae41e4649b934ca495991b7852b855.css?body=1" for ::1 at 2016-06-18 18:00:07 -0700


Started GET "/assets/application.self-9e1e059d0cec7b5fc99903b203775ca38211f8c415c6125344581e7e971da196.css?body=1" for ::1 at 2016-06-18 18:00:07 -0700


Started GET "/api/tracks" for ::1 at 2016-06-18 18:00:08 -0700
Processing by Api::TracksController#index as JSON
  [1m[35mTrack Load (0.5ms)[0m  SELECT "tracks".* FROM "tracks"
Completed 200 OK in 6ms (Views: 4.7ms | ActiveRecord: 0.5ms)


Started GET "/" for ::1 at 2016-06-19 10:19:09 -0700
Processing by StaticPagesController#root as HTML
  Rendered static_pages/root.html.erb within layouts/application (1.8ms)
Completed 200 OK in 1475ms (Views: 1457.6ms | ActiveRecord: 0.0ms)


Started GET "/assets/static_pages.self-e3b0c44298fc1c149afbf4c8996fb92427ae41e4649b934ca495991b7852b855.css?body=1" for ::1 at 2016-06-19 10:19:11 -0700


Started GET "/assets/application.self-9e1e059d0cec7b5fc99903b203775ca38211f8c415c6125344581e7e971da196.css?body=1" for ::1 at 2016-06-19 10:19:11 -0700


Started GET "/assets/tracks.self-e3b0c44298fc1c149afbf4c8996fb92427ae41e4649b934ca495991b7852b855.css?body=1" for ::1 at 2016-06-19 10:19:11 -0700


Started GET "/assets/bundle.self-0e69fcf94107c33f65daa08253de0a0f76560316331256045e987987beae1077.js?body=1" for ::1 at 2016-06-19 10:19:11 -0700


Started GET "/assets/application.self-9e4e92925f0485c3b92db1c49086e61d2facb72ba1cbd2c008e77a5d8b03ee1d.js?body=1" for ::1 at 2016-06-19 10:19:11 -0700


Started GET "/" for ::1 at 2016-06-19 10:20:16 -0700
Processing by StaticPagesController#root as HTML
  Rendered static_pages/root.html.erb within layouts/application (0.1ms)
Completed 200 OK in 19ms (Views: 17.6ms | ActiveRecord: 0.0ms)


Started GET "/assets/bundle.self-0e69fcf94107c33f65daa08253de0a0f76560316331256045e987987beae1077.js?body=1" for ::1 at 2016-06-19 10:20:16 -0700


Started GET "/assets/bundle.js.map" for ::1 at 2016-06-19 10:20:16 -0700


Started GET "/" for ::1 at 2016-06-19 10:20:58 -0700
Processing by StaticPagesController#root as HTML
  Rendered static_pages/root.html.erb within layouts/application (0.4ms)
Completed 200 OK in 69ms (Views: 59.0ms | ActiveRecord: 0.0ms)


Started GET "/assets/static_pages.self-e3b0c44298fc1c149afbf4c8996fb92427ae41e4649b934ca495991b7852b855.css?body=1" for ::1 at 2016-06-19 10:20:59 -0700


Started GET "/assets/tracks.self-e3b0c44298fc1c149afbf4c8996fb92427ae41e4649b934ca495991b7852b855.css?body=1" for ::1 at 2016-06-19 10:20:59 -0700


Started GET "/assets/application.self-9e1e059d0cec7b5fc99903b203775ca38211f8c415c6125344581e7e971da196.css?body=1" for ::1 at 2016-06-19 10:20:59 -0700


Started GET "/assets/bundle.self-0e69fcf94107c33f65daa08253de0a0f76560316331256045e987987beae1077.js?body=1" for ::1 at 2016-06-19 10:20:59 -0700


Started GET "/assets/application.self-9e4e92925f0485c3b92db1c49086e61d2facb72ba1cbd2c008e77a5d8b03ee1d.js?body=1" for ::1 at 2016-06-19 10:20:59 -0700


Started GET "/assets/bundle.js.map" for ::1 at 2016-06-19 10:20:59 -0700


Started GET "/" for ::1 at 2016-06-19 10:21:01 -0700
Processing by StaticPagesController#root as HTML
  Rendered static_pages/root.html.erb within layouts/application (0.1ms)
Completed 200 OK in 578ms (Views: 577.0ms | ActiveRecord: 0.0ms)


Started GET "/assets/bundle.self-0adbf0875210dfb5da5f66576107da6d3704c7ae8d1534ceeb20910c788d3f02.js?body=1" for ::1 at 2016-06-19 10:21:02 -0700


Started GET "/assets/tracks.self-e3b0c44298fc1c149afbf4c8996fb92427ae41e4649b934ca495991b7852b855.css?body=1" for ::1 at 2016-06-19 10:21:02 -0700


Started GET "/assets/static_pages.self-e3b0c44298fc1c149afbf4c8996fb92427ae41e4649b934ca495991b7852b855.css?body=1" for ::1 at 2016-06-19 10:21:02 -0700


Started GET "/assets/application.self-9e4e92925f0485c3b92db1c49086e61d2facb72ba1cbd2c008e77a5d8b03ee1d.js?body=1" for ::1 at 2016-06-19 10:21:02 -0700


Started GET "/assets/application.self-9e1e059d0cec7b5fc99903b203775ca38211f8c415c6125344581e7e971da196.css?body=1" for ::1 at 2016-06-19 10:21:02 -0700


Started GET "/assets/bundle.js.map" for ::1 at 2016-06-19 10:21:02 -0700


Started GET "/" for ::1 at 2016-06-19 10:21:25 -0700
Processing by StaticPagesController#root as HTML
  Rendered static_pages/root.html.erb within layouts/application (0.1ms)
Completed 200 OK in 19ms (Views: 18.3ms | ActiveRecord: 0.0ms)


Started GET "/assets/static_pages.self-e3b0c44298fc1c149afbf4c8996fb92427ae41e4649b934ca495991b7852b855.css?body=1" for ::1 at 2016-06-19 10:21:25 -0700


Started GET "/assets/tracks.self-e3b0c44298fc1c149afbf4c8996fb92427ae41e4649b934ca495991b7852b855.css?body=1" for ::1 at 2016-06-19 10:21:25 -0700


Started GET "/assets/bundle.self-0adbf0875210dfb5da5f66576107da6d3704c7ae8d1534ceeb20910c788d3f02.js?body=1" for ::1 at 2016-06-19 10:21:25 -0700


Started GET "/assets/application.self-9e1e059d0cec7b5fc99903b203775ca38211f8c415c6125344581e7e971da196.css?body=1" for ::1 at 2016-06-19 10:21:25 -0700


Started GET "/assets/application.self-9e4e92925f0485c3b92db1c49086e61d2facb72ba1cbd2c008e77a5d8b03ee1d.js?body=1" for ::1 at 2016-06-19 10:21:25 -0700


Started GET "/assets/bundle.js.map" for ::1 at 2016-06-19 10:21:28 -0700


Started GET "/" for ::1 at 2016-06-19 10:21:31 -0700
Processing by StaticPagesController#root as HTML
  Rendered static_pages/root.html.erb within layouts/application (0.1ms)
Completed 200 OK in 510ms (Views: 508.6ms | ActiveRecord: 0.0ms)


Started GET "/assets/static_pages.self-e3b0c44298fc1c149afbf4c8996fb92427ae41e4649b934ca495991b7852b855.css?body=1" for ::1 at 2016-06-19 10:21:32 -0700


Started GET "/assets/tracks.self-e3b0c44298fc1c149afbf4c8996fb92427ae41e4649b934ca495991b7852b855.css?body=1" for ::1 at 2016-06-19 10:21:32 -0700


Started GET "/assets/bundle.self-71da539a24ab87a0d088b41c6ad1dbd567f813db50a74cdb91de1ddeb95d6455.js?body=1" for ::1 at 2016-06-19 10:21:32 -0700


Started GET "/assets/application.self-9e1e059d0cec7b5fc99903b203775ca38211f8c415c6125344581e7e971da196.css?body=1" for ::1 at 2016-06-19 10:21:32 -0700


Started GET "/assets/application.self-9e4e92925f0485c3b92db1c49086e61d2facb72ba1cbd2c008e77a5d8b03ee1d.js?body=1" for ::1 at 2016-06-19 10:21:32 -0700


Started GET "/assets/bundle.js.map" for ::1 at 2016-06-19 10:21:32 -0700


Started GET "/" for ::1 at 2016-06-19 10:21:53 -0700
Processing by StaticPagesController#root as HTML
  Rendered static_pages/root.html.erb within layouts/application (0.2ms)
Completed 200 OK in 560ms (Views: 556.3ms | ActiveRecord: 0.0ms)


Started GET "/assets/tracks.self-e3b0c44298fc1c149afbf4c8996fb92427ae41e4649b934ca495991b7852b855.css?body=1" for ::1 at 2016-06-19 10:21:54 -0700


Started GET "/assets/bundle.self-bb420d20f65e92c5aa4af23a6d9517ddd9424868a9a08d1d56ca9388b41a4f4a.js?body=1" for ::1 at 2016-06-19 10:21:54 -0700


Started GET "/assets/application.self-9e4e92925f0485c3b92db1c49086e61d2facb72ba1cbd2c008e77a5d8b03ee1d.js?body=1" for ::1 at 2016-06-19 10:21:54 -0700


Started GET "/assets/application.self-9e1e059d0cec7b5fc99903b203775ca38211f8c415c6125344581e7e971da196.css?body=1" for ::1 at 2016-06-19 10:21:54 -0700


Started GET "/assets/static_pages.self-e3b0c44298fc1c149afbf4c8996fb92427ae41e4649b934ca495991b7852b855.css?body=1" for ::1 at 2016-06-19 10:21:54 -0700


Started GET "/assets/bundle.js.map" for ::1 at 2016-06-19 10:21:55 -0700


Started GET "/" for ::1 at 2016-06-19 10:24:17 -0700
Processing by StaticPagesController#root as HTML
  Rendered static_pages/root.html.erb within layouts/application (0.1ms)
Completed 200 OK in 23ms (Views: 22.4ms | ActiveRecord: 0.0ms)


Started GET "/assets/bundle.self-bb420d20f65e92c5aa4af23a6d9517ddd9424868a9a08d1d56ca9388b41a4f4a.js?body=1" for ::1 at 2016-06-19 10:24:18 -0700


Started GET "/assets/static_pages.self-e3b0c44298fc1c149afbf4c8996fb92427ae41e4649b934ca495991b7852b855.css?body=1" for ::1 at 2016-06-19 10:24:18 -0700


Started GET "/assets/application.self-9e4e92925f0485c3b92db1c49086e61d2facb72ba1cbd2c008e77a5d8b03ee1d.js?body=1" for ::1 at 2016-06-19 10:24:18 -0700


Started GET "/assets/application.self-9e1e059d0cec7b5fc99903b203775ca38211f8c415c6125344581e7e971da196.css?body=1" for ::1 at 2016-06-19 10:24:18 -0700


Started GET "/assets/tracks.self-e3b0c44298fc1c149afbf4c8996fb92427ae41e4649b934ca495991b7852b855.css?body=1" for ::1 at 2016-06-19 10:24:18 -0700


Started GET "/assets/bundle.js.map" for ::1 at 2016-06-19 10:24:18 -0700


Started GET "/" for ::1 at 2016-06-19 10:24:20 -0700
Processing by StaticPagesController#root as HTML
  Rendered static_pages/root.html.erb within layouts/application (0.1ms)
Completed 200 OK in 15ms (Views: 12.1ms | ActiveRecord: 0.0ms)


Started GET "/assets/tracks.self-e3b0c44298fc1c149afbf4c8996fb92427ae41e4649b934ca495991b7852b855.css?body=1" for ::1 at 2016-06-19 10:24:20 -0700


Started GET "/assets/static_pages.self-e3b0c44298fc1c149afbf4c8996fb92427ae41e4649b934ca495991b7852b855.css?body=1" for ::1 at 2016-06-19 10:24:20 -0700


Started GET "/assets/bundle.self-bb420d20f65e92c5aa4af23a6d9517ddd9424868a9a08d1d56ca9388b41a4f4a.js?body=1" for ::1 at 2016-06-19 10:24:20 -0700


Started GET "/assets/application.self-9e4e92925f0485c3b92db1c49086e61d2facb72ba1cbd2c008e77a5d8b03ee1d.js?body=1" for ::1 at 2016-06-19 10:24:20 -0700


Started GET "/assets/application.self-9e1e059d0cec7b5fc99903b203775ca38211f8c415c6125344581e7e971da196.css?body=1" for ::1 at 2016-06-19 10:24:20 -0700


Started GET "/assets/bundle.js.map" for ::1 at 2016-06-19 10:24:20 -0700


Started GET "/" for ::1 at 2016-06-19 10:25:18 -0700
Processing by StaticPagesController#root as HTML
  Rendered static_pages/root.html.erb within layouts/application (1.0ms)
Completed 200 OK in 51ms (Views: 45.4ms | ActiveRecord: 0.0ms)


Started GET "/assets/static_pages.self-e3b0c44298fc1c149afbf4c8996fb92427ae41e4649b934ca495991b7852b855.css?body=1" for ::1 at 2016-06-19 10:25:18 -0700


Started GET "/assets/tracks.self-e3b0c44298fc1c149afbf4c8996fb92427ae41e4649b934ca495991b7852b855.css?body=1" for ::1 at 2016-06-19 10:25:18 -0700


Started GET "/assets/application.self-9e1e059d0cec7b5fc99903b203775ca38211f8c415c6125344581e7e971da196.css?body=1" for ::1 at 2016-06-19 10:25:18 -0700


Started GET "/assets/bundle.self-bb420d20f65e92c5aa4af23a6d9517ddd9424868a9a08d1d56ca9388b41a4f4a.js?body=1" for ::1 at 2016-06-19 10:25:18 -0700


Started GET "/assets/application.self-9e4e92925f0485c3b92db1c49086e61d2facb72ba1cbd2c008e77a5d8b03ee1d.js?body=1" for ::1 at 2016-06-19 10:25:18 -0700


Started GET "/assets/bundle.js.map" for ::1 at 2016-06-19 10:25:18 -0700


Started GET "/" for ::1 at 2016-06-19 10:25:20 -0700
Processing by StaticPagesController#root as HTML
  Rendered static_pages/root.html.erb within layouts/application (0.2ms)
Completed 200 OK in 824ms (Views: 823.1ms | ActiveRecord: 0.0ms)


Started GET "/assets/tracks.self-e3b0c44298fc1c149afbf4c8996fb92427ae41e4649b934ca495991b7852b855.css?body=1" for ::1 at 2016-06-19 10:25:22 -0700


Started GET "/assets/application.self-9e1e059d0cec7b5fc99903b203775ca38211f8c415c6125344581e7e971da196.css?body=1" for ::1 at 2016-06-19 10:25:22 -0700


Started GET "/assets/static_pages.self-e3b0c44298fc1c149afbf4c8996fb92427ae41e4649b934ca495991b7852b855.css?body=1" for ::1 at 2016-06-19 10:25:22 -0700


Started GET "/assets/bundle.self-434fb421802571c6017a119de5ef5fc2e756ac388e5ec09a942a0acda6ec43a0.js?body=1" for ::1 at 2016-06-19 10:25:22 -0700


Started GET "/assets/application.self-9e4e92925f0485c3b92db1c49086e61d2facb72ba1cbd2c008e77a5d8b03ee1d.js?body=1" for ::1 at 2016-06-19 10:25:22 -0700


Started GET "/assets/bundle.js.map" for ::1 at 2016-06-19 10:25:22 -0700


Started GET "/" for ::1 at 2016-06-19 10:25:23 -0700
Processing by StaticPagesController#root as HTML
  Rendered static_pages/root.html.erb within layouts/application (0.1ms)
Completed 200 OK in 15ms (Views: 14.5ms | ActiveRecord: 0.0ms)


Started GET "/assets/tracks.self-e3b0c44298fc1c149afbf4c8996fb92427ae41e4649b934ca495991b7852b855.css?body=1" for ::1 at 2016-06-19 10:25:24 -0700


Started GET "/assets/static_pages.self-e3b0c44298fc1c149afbf4c8996fb92427ae41e4649b934ca495991b7852b855.css?body=1" for ::1 at 2016-06-19 10:25:24 -0700


Started GET "/assets/application.self-9e1e059d0cec7b5fc99903b203775ca38211f8c415c6125344581e7e971da196.css?body=1" for ::1 at 2016-06-19 10:25:24 -0700


Started GET "/assets/bundle.self-434fb421802571c6017a119de5ef5fc2e756ac388e5ec09a942a0acda6ec43a0.js?body=1" for ::1 at 2016-06-19 10:25:24 -0700


Started GET "/assets/application.self-9e4e92925f0485c3b92db1c49086e61d2facb72ba1cbd2c008e77a5d8b03ee1d.js?body=1" for ::1 at 2016-06-19 10:25:24 -0700


Started GET "/assets/bundle.js.map" for ::1 at 2016-06-19 10:25:24 -0700


Started GET "/" for ::1 at 2016-06-19 10:25:24 -0700
Processing by StaticPagesController#root as HTML
  Rendered static_pages/root.html.erb within layouts/application (0.0ms)
Completed 200 OK in 9ms (Views: 8.0ms | ActiveRecord: 0.0ms)


Started GET "/assets/static_pages.self-e3b0c44298fc1c149afbf4c8996fb92427ae41e4649b934ca495991b7852b855.css?body=1" for ::1 at 2016-06-19 10:25:25 -0700


Started GET "/assets/bundle.self-434fb421802571c6017a119de5ef5fc2e756ac388e5ec09a942a0acda6ec43a0.js?body=1" for ::1 at 2016-06-19 10:25:25 -0700


Started GET "/assets/tracks.self-e3b0c44298fc1c149afbf4c8996fb92427ae41e4649b934ca495991b7852b855.css?body=1" for ::1 at 2016-06-19 10:25:25 -0700


Started GET "/assets/application.self-9e1e059d0cec7b5fc99903b203775ca38211f8c415c6125344581e7e971da196.css?body=1" for ::1 at 2016-06-19 10:25:25 -0700


Started GET "/assets/application.self-9e4e92925f0485c3b92db1c49086e61d2facb72ba1cbd2c008e77a5d8b03ee1d.js?body=1" for ::1 at 2016-06-19 10:25:25 -0700


Started GET "/assets/bundle.js.map" for ::1 at 2016-06-19 10:25:25 -0700


Started GET "/" for ::1 at 2016-06-19 10:25:26 -0700
Processing by StaticPagesController#root as HTML
  Rendered static_pages/root.html.erb within layouts/application (0.0ms)
Completed 200 OK in 12ms (Views: 11.3ms | ActiveRecord: 0.0ms)


Started GET "/assets/bundle.self-434fb421802571c6017a119de5ef5fc2e756ac388e5ec09a942a0acda6ec43a0.js?body=1" for ::1 at 2016-06-19 10:25:26 -0700


Started GET "/assets/static_pages.self-e3b0c44298fc1c149afbf4c8996fb92427ae41e4649b934ca495991b7852b855.css?body=1" for ::1 at 2016-06-19 10:25:26 -0700


Started GET "/assets/tracks.self-e3b0c44298fc1c149afbf4c8996fb92427ae41e4649b934ca495991b7852b855.css?body=1" for ::1 at 2016-06-19 10:25:26 -0700


Started GET "/assets/application.self-9e1e059d0cec7b5fc99903b203775ca38211f8c415c6125344581e7e971da196.css?body=1" for ::1 at 2016-06-19 10:25:26 -0700


Started GET "/assets/application.self-9e4e92925f0485c3b92db1c49086e61d2facb72ba1cbd2c008e77a5d8b03ee1d.js?body=1" for ::1 at 2016-06-19 10:25:26 -0700


Started GET "/assets/bundle.js.map" for ::1 at 2016-06-19 10:25:26 -0700


Started GET "/" for ::1 at 2016-06-19 10:25:27 -0700
Processing by StaticPagesController#root as HTML
  Rendered static_pages/root.html.erb within layouts/application (0.0ms)
Completed 200 OK in 10ms (Views: 9.5ms | ActiveRecord: 0.0ms)


Started GET "/assets/tracks.self-e3b0c44298fc1c149afbf4c8996fb92427ae41e4649b934ca495991b7852b855.css?body=1" for ::1 at 2016-06-19 10:25:27 -0700


Started GET "/assets/static_pages.self-e3b0c44298fc1c149afbf4c8996fb92427ae41e4649b934ca495991b7852b855.css?body=1" for ::1 at 2016-06-19 10:25:27 -0700


Started GET "/assets/bundle.self-434fb421802571c6017a119de5ef5fc2e756ac388e5ec09a942a0acda6ec43a0.js?body=1" for ::1 at 2016-06-19 10:25:27 -0700


Started GET "/assets/application.self-9e1e059d0cec7b5fc99903b203775ca38211f8c415c6125344581e7e971da196.css?body=1" for ::1 at 2016-06-19 10:25:27 -0700


Started GET "/assets/application.self-9e4e92925f0485c3b92db1c49086e61d2facb72ba1cbd2c008e77a5d8b03ee1d.js?body=1" for ::1 at 2016-06-19 10:25:27 -0700


Started GET "/assets/bundle.js.map" for ::1 at 2016-06-19 10:25:27 -0700


Started GET "/" for ::1 at 2016-06-19 10:25:37 -0700
Processing by StaticPagesController#root as HTML
  Rendered static_pages/root.html.erb within layouts/application (0.1ms)
Completed 200 OK in 32ms (Views: 30.8ms | ActiveRecord: 0.0ms)


Started GET "/assets/tracks.self-e3b0c44298fc1c149afbf4c8996fb92427ae41e4649b934ca495991b7852b855.css?body=1" for ::1 at 2016-06-19 10:25:38 -0700


Started GET "/assets/bundle.self-434fb421802571c6017a119de5ef5fc2e756ac388e5ec09a942a0acda6ec43a0.js?body=1" for ::1 at 2016-06-19 10:25:38 -0700


Started GET "/assets/application.self-9e1e059d0cec7b5fc99903b203775ca38211f8c415c6125344581e7e971da196.css?body=1" for ::1 at 2016-06-19 10:25:38 -0700


Started GET "/assets/application.self-9e4e92925f0485c3b92db1c49086e61d2facb72ba1cbd2c008e77a5d8b03ee1d.js?body=1" for ::1 at 2016-06-19 10:25:38 -0700


Started GET "/assets/static_pages.self-e3b0c44298fc1c149afbf4c8996fb92427ae41e4649b934ca495991b7852b855.css?body=1" for ::1 at 2016-06-19 10:25:38 -0700


Started GET "/assets/bundle.js.map" for ::1 at 2016-06-19 10:25:38 -0700


Started GET "/" for ::1 at 2016-06-19 10:25:40 -0700
Processing by StaticPagesController#root as HTML
  Rendered static_pages/root.html.erb within layouts/application (0.1ms)
Completed 200 OK in 572ms (Views: 570.7ms | ActiveRecord: 0.0ms)


Started GET "/assets/bundle.self-4280c38791a925fbf7409d0c817d7c2200d58a8ebef97947f16a94a391431e7d.js?body=1" for ::1 at 2016-06-19 10:25:41 -0700


Started GET "/assets/tracks.self-e3b0c44298fc1c149afbf4c8996fb92427ae41e4649b934ca495991b7852b855.css?body=1" for ::1 at 2016-06-19 10:25:41 -0700


Started GET "/assets/application.self-9e1e059d0cec7b5fc99903b203775ca38211f8c415c6125344581e7e971da196.css?body=1" for ::1 at 2016-06-19 10:25:41 -0700


Started GET "/assets/static_pages.self-e3b0c44298fc1c149afbf4c8996fb92427ae41e4649b934ca495991b7852b855.css?body=1" for ::1 at 2016-06-19 10:25:41 -0700


Started GET "/assets/application.self-9e4e92925f0485c3b92db1c49086e61d2facb72ba1cbd2c008e77a5d8b03ee1d.js?body=1" for ::1 at 2016-06-19 10:25:41 -0700


Started GET "/assets/bundle.js.map" for ::1 at 2016-06-19 10:25:41 -0700


Started GET "/" for ::1 at 2016-06-19 10:26:08 -0700
Processing by StaticPagesController#root as HTML
  Rendered static_pages/root.html.erb within layouts/application (0.1ms)
Completed 200 OK in 16ms (Views: 14.7ms | ActiveRecord: 0.0ms)


Started GET "/assets/static_pages.self-e3b0c44298fc1c149afbf4c8996fb92427ae41e4649b934ca495991b7852b855.css?body=1" for ::1 at 2016-06-19 10:26:09 -0700


Started GET "/assets/application.self-9e4e92925f0485c3b92db1c49086e61d2facb72ba1cbd2c008e77a5d8b03ee1d.js?body=1" for ::1 at 2016-06-19 10:26:09 -0700


Started GET "/assets/bundle.self-4280c38791a925fbf7409d0c817d7c2200d58a8ebef97947f16a94a391431e7d.js?body=1" for ::1 at 2016-06-19 10:26:09 -0700


Started GET "/assets/application.self-9e1e059d0cec7b5fc99903b203775ca38211f8c415c6125344581e7e971da196.css?body=1" for ::1 at 2016-06-19 10:26:09 -0700


Started GET "/assets/tracks.self-e3b0c44298fc1c149afbf4c8996fb92427ae41e4649b934ca495991b7852b855.css?body=1" for ::1 at 2016-06-19 10:26:09 -0700


Started GET "/" for ::1 at 2016-06-19 10:26:11 -0700
Processing by StaticPagesController#root as HTML
  Rendered static_pages/root.html.erb within layouts/application (0.2ms)
Completed 200 OK in 624ms (Views: 622.6ms | ActiveRecord: 0.0ms)


Started GET "/assets/tracks.self-e3b0c44298fc1c149afbf4c8996fb92427ae41e4649b934ca495991b7852b855.css?body=1" for ::1 at 2016-06-19 10:26:11 -0700


Started GET "/assets/bundle.self-8f09ab2be5d0f123bbc0a93ecd0726ccf78f358223e848647acdc2a80baa13ec.js?body=1" for ::1 at 2016-06-19 10:26:11 -0700


Started GET "/assets/application.self-9e1e059d0cec7b5fc99903b203775ca38211f8c415c6125344581e7e971da196.css?body=1" for ::1 at 2016-06-19 10:26:11 -0700


Started GET "/assets/static_pages.self-e3b0c44298fc1c149afbf4c8996fb92427ae41e4649b934ca495991b7852b855.css?body=1" for ::1 at 2016-06-19 10:26:11 -0700


Started GET "/assets/application.self-9e4e92925f0485c3b92db1c49086e61d2facb72ba1cbd2c008e77a5d8b03ee1d.js?body=1" for ::1 at 2016-06-19 10:26:11 -0700


Started GET "/" for ::1 at 2016-06-19 10:26:12 -0700
Processing by StaticPagesController#root as HTML
  Rendered static_pages/root.html.erb within layouts/application (0.1ms)
Completed 200 OK in 13ms (Views: 12.6ms | ActiveRecord: 0.0ms)


Started GET "/assets/bundle.self-8f09ab2be5d0f123bbc0a93ecd0726ccf78f358223e848647acdc2a80baa13ec.js?body=1" for ::1 at 2016-06-19 10:26:13 -0700


Started GET "/assets/application.self-9e1e059d0cec7b5fc99903b203775ca38211f8c415c6125344581e7e971da196.css?body=1" for ::1 at 2016-06-19 10:26:13 -0700


Started GET "/assets/tracks.self-e3b0c44298fc1c149afbf4c8996fb92427ae41e4649b934ca495991b7852b855.css?body=1" for ::1 at 2016-06-19 10:26:13 -0700


Started GET "/assets/static_pages.self-e3b0c44298fc1c149afbf4c8996fb92427ae41e4649b934ca495991b7852b855.css?body=1" for ::1 at 2016-06-19 10:26:13 -0700


Started GET "/assets/application.self-9e4e92925f0485c3b92db1c49086e61d2facb72ba1cbd2c008e77a5d8b03ee1d.js?body=1" for ::1 at 2016-06-19 10:26:13 -0700


Started GET "/" for ::1 at 2016-06-19 10:27:12 -0700
Processing by StaticPagesController#root as HTML
  Rendered static_pages/root.html.erb within layouts/application (0.1ms)
Completed 200 OK in 22ms (Views: 21.2ms | ActiveRecord: 0.0ms)


Started GET "/assets/bundle.self-8f09ab2be5d0f123bbc0a93ecd0726ccf78f358223e848647acdc2a80baa13ec.js?body=1" for ::1 at 2016-06-19 10:27:12 -0700


Started GET "/assets/tracks.self-e3b0c44298fc1c149afbf4c8996fb92427ae41e4649b934ca495991b7852b855.css?body=1" for ::1 at 2016-06-19 10:27:12 -0700


Started GET "/assets/static_pages.self-e3b0c44298fc1c149afbf4c8996fb92427ae41e4649b934ca495991b7852b855.css?body=1" for ::1 at 2016-06-19 10:27:12 -0700


Started GET "/assets/application.self-9e4e92925f0485c3b92db1c49086e61d2facb72ba1cbd2c008e77a5d8b03ee1d.js?body=1" for ::1 at 2016-06-19 10:27:12 -0700


Started GET "/assets/application.self-9e1e059d0cec7b5fc99903b203775ca38211f8c415c6125344581e7e971da196.css?body=1" for ::1 at 2016-06-19 10:27:12 -0700


Started GET "/assets/bundle.js.map" for ::1 at 2016-06-19 10:27:13 -0700


Started GET "/" for ::1 at 2016-06-19 10:27:15 -0700
Processing by StaticPagesController#root as HTML
  Rendered static_pages/root.html.erb within layouts/application (0.2ms)
Completed 200 OK in 869ms (Views: 867.6ms | ActiveRecord: 0.0ms)


Started GET "/assets/bundle.self-a61bd71d6144e9b2ee2e3fe3694765722370d87847a8ae0485b4f62f102f5b40.js?body=1" for ::1 at 2016-06-19 10:27:16 -0700


Started GET "/assets/static_pages.self-e3b0c44298fc1c149afbf4c8996fb92427ae41e4649b934ca495991b7852b855.css?body=1" for ::1 at 2016-06-19 10:27:16 -0700


Started GET "/assets/application.self-9e1e059d0cec7b5fc99903b203775ca38211f8c415c6125344581e7e971da196.css?body=1" for ::1 at 2016-06-19 10:27:16 -0700


Started GET "/assets/application.self-9e4e92925f0485c3b92db1c49086e61d2facb72ba1cbd2c008e77a5d8b03ee1d.js?body=1" for ::1 at 2016-06-19 10:27:16 -0700


Started GET "/assets/tracks.self-e3b0c44298fc1c149afbf4c8996fb92427ae41e4649b934ca495991b7852b855.css?body=1" for ::1 at 2016-06-19 10:27:16 -0700


Started GET "/assets/bundle.js.map" for ::1 at 2016-06-19 10:27:18 -0700


Started GET "/" for ::1 at 2016-06-19 10:29:47 -0700
Processing by StaticPagesController#root as HTML
  Rendered static_pages/root.html.erb within layouts/application (0.1ms)
Completed 200 OK in 19ms (Views: 17.7ms | ActiveRecord: 0.0ms)


Started GET "/assets/static_pages.self-e3b0c44298fc1c149afbf4c8996fb92427ae41e4649b934ca495991b7852b855.css?body=1" for ::1 at 2016-06-19 10:29:47 -0700


Started GET "/assets/bundle.self-a61bd71d6144e9b2ee2e3fe3694765722370d87847a8ae0485b4f62f102f5b40.js?body=1" for ::1 at 2016-06-19 10:29:47 -0700


Started GET "/assets/tracks.self-e3b0c44298fc1c149afbf4c8996fb92427ae41e4649b934ca495991b7852b855.css?body=1" for ::1 at 2016-06-19 10:29:47 -0700


Started GET "/assets/application.self-9e1e059d0cec7b5fc99903b203775ca38211f8c415c6125344581e7e971da196.css?body=1" for ::1 at 2016-06-19 10:29:47 -0700


Started GET "/assets/application.self-9e4e92925f0485c3b92db1c49086e61d2facb72ba1cbd2c008e77a5d8b03ee1d.js?body=1" for ::1 at 2016-06-19 10:29:47 -0700


Started GET "/" for ::1 at 2016-06-19 10:29:48 -0700
Processing by StaticPagesController#root as HTML
  Rendered static_pages/root.html.erb within layouts/application (0.1ms)
Completed 200 OK in 12ms (Views: 11.9ms | ActiveRecord: 0.0ms)


Started GET "/assets/bundle.js.map" for ::1 at 2016-06-19 10:29:48 -0700


Started GET "/assets/application.self-9e4e92925f0485c3b92db1c49086e61d2facb72ba1cbd2c008e77a5d8b03ee1d.js?body=1" for ::1 at 2016-06-19 10:29:49 -0700


Started GET "/assets/static_pages.self-e3b0c44298fc1c149afbf4c8996fb92427ae41e4649b934ca495991b7852b855.css?body=1" for ::1 at 2016-06-19 10:29:49 -0700


Started GET "/assets/bundle.self-a61bd71d6144e9b2ee2e3fe3694765722370d87847a8ae0485b4f62f102f5b40.js?body=1" for ::1 at 2016-06-19 10:29:49 -0700


Started GET "/assets/tracks.self-e3b0c44298fc1c149afbf4c8996fb92427ae41e4649b934ca495991b7852b855.css?body=1" for ::1 at 2016-06-19 10:29:49 -0700


Started GET "/assets/application.self-9e1e059d0cec7b5fc99903b203775ca38211f8c415c6125344581e7e971da196.css?body=1" for ::1 at 2016-06-19 10:29:49 -0700


Started GET "/assets/bundle.js.map" for ::1 at 2016-06-19 10:29:52 -0700


Started GET "/" for ::1 at 2016-06-19 10:29:53 -0700
Processing by StaticPagesController#root as HTML
  Rendered static_pages/root.html.erb within layouts/application (0.1ms)
Completed 200 OK in 11ms (Views: 10.3ms | ActiveRecord: 0.0ms)


Started GET "/assets/tracks.self-e3b0c44298fc1c149afbf4c8996fb92427ae41e4649b934ca495991b7852b855.css?body=1" for ::1 at 2016-06-19 10:29:53 -0700


Started GET "/assets/static_pages.self-e3b0c44298fc1c149afbf4c8996fb92427ae41e4649b934ca495991b7852b855.css?body=1" for ::1 at 2016-06-19 10:29:53 -0700


Started GET "/assets/application.self-9e1e059d0cec7b5fc99903b203775ca38211f8c415c6125344581e7e971da196.css?body=1" for ::1 at 2016-06-19 10:29:53 -0700


Started GET "/assets/application.self-9e4e92925f0485c3b92db1c49086e61d2facb72ba1cbd2c008e77a5d8b03ee1d.js?body=1" for ::1 at 2016-06-19 10:29:53 -0700


Started GET "/assets/bundle.self-a61bd71d6144e9b2ee2e3fe3694765722370d87847a8ae0485b4f62f102f5b40.js?body=1" for ::1 at 2016-06-19 10:29:53 -0700


Started GET "/" for ::1 at 2016-06-19 10:29:53 -0700
Processing by StaticPagesController#root as HTML
  Rendered static_pages/root.html.erb within layouts/application (0.1ms)
Completed 200 OK in 14ms (Views: 13.8ms | ActiveRecord: 0.0ms)


Started GET "/assets/bundle.self-a61bd71d6144e9b2ee2e3fe3694765722370d87847a8ae0485b4f62f102f5b40.js?body=1" for ::1 at 2016-06-19 10:29:54 -0700


Started GET "/assets/bundle.js.map" for ::1 at 2016-06-19 10:29:57 -0700


Started GET "/" for ::1 at 2016-06-19 10:30:28 -0700
Processing by StaticPagesController#root as HTML
  Rendered static_pages/root.html.erb within layouts/application (0.7ms)
Completed 200 OK in 56ms (Views: 50.3ms | ActiveRecord: 0.0ms)


Started GET "/assets/application.self-9e4e92925f0485c3b92db1c49086e61d2facb72ba1cbd2c008e77a5d8b03ee1d.js?body=1" for ::1 at 2016-06-19 10:30:29 -0700


Started GET "/assets/bundle.self-a61bd71d6144e9b2ee2e3fe3694765722370d87847a8ae0485b4f62f102f5b40.js?body=1" for ::1 at 2016-06-19 10:30:29 -0700


Started GET "/assets/bundle.js.map" for ::1 at 2016-06-19 10:30:30 -0700


Started GET "/" for ::1 at 2016-06-19 10:33:28 -0700
Processing by StaticPagesController#root as HTML
  Rendered static_pages/root.html.erb within layouts/application (0.1ms)
Completed 200 OK in 872ms (Views: 870.9ms | ActiveRecord: 0.0ms)


Started GET "/assets/static_pages.self-e3b0c44298fc1c149afbf4c8996fb92427ae41e4649b934ca495991b7852b855.css?body=1" for ::1 at 2016-06-19 10:33:29 -0700


Started GET "/assets/tracks.self-e3b0c44298fc1c149afbf4c8996fb92427ae41e4649b934ca495991b7852b855.css?body=1" for ::1 at 2016-06-19 10:33:30 -0700


Started GET "/assets/application.self-9e1e059d0cec7b5fc99903b203775ca38211f8c415c6125344581e7e971da196.css?body=1" for ::1 at 2016-06-19 10:33:30 -0700


Started GET "/assets/application.self-9e4e92925f0485c3b92db1c49086e61d2facb72ba1cbd2c008e77a5d8b03ee1d.js?body=1" for ::1 at 2016-06-19 10:33:30 -0700


Started GET "/assets/bundle.self-dd9b1b20bb74a3e655dbe4dc0762fa3f96b4c9586baeb2aaec6918f906d0f2ff.js?body=1" for ::1 at 2016-06-19 10:33:30 -0700


Started GET "/assets/bundle.js.map" for ::1 at 2016-06-19 10:33:31 -0700


Started GET "/" for ::1 at 2016-06-19 10:33:38 -0700
Processing by StaticPagesController#root as HTML
  Rendered static_pages/root.html.erb within layouts/application (0.1ms)
Completed 200 OK in 13ms (Views: 11.7ms | ActiveRecord: 0.0ms)


Started GET "/assets/static_pages.self-e3b0c44298fc1c149afbf4c8996fb92427ae41e4649b934ca495991b7852b855.css?body=1" for ::1 at 2016-06-19 10:33:39 -0700


Started GET "/assets/application.self-9e1e059d0cec7b5fc99903b203775ca38211f8c415c6125344581e7e971da196.css?body=1" for ::1 at 2016-06-19 10:33:39 -0700


Started GET "/assets/application.self-9e4e92925f0485c3b92db1c49086e61d2facb72ba1cbd2c008e77a5d8b03ee1d.js?body=1" for ::1 at 2016-06-19 10:33:39 -0700


Started GET "/assets/bundle.self-dd9b1b20bb74a3e655dbe4dc0762fa3f96b4c9586baeb2aaec6918f906d0f2ff.js?body=1" for ::1 at 2016-06-19 10:33:39 -0700


Started GET "/assets/tracks.self-e3b0c44298fc1c149afbf4c8996fb92427ae41e4649b934ca495991b7852b855.css?body=1" for ::1 at 2016-06-19 10:33:39 -0700


Started GET "/assets/bundle.js.map" for ::1 at 2016-06-19 10:33:39 -0700


Started GET "/" for ::1 at 2016-06-19 10:33:52 -0700
Processing by StaticPagesController#root as HTML
  Rendered static_pages/root.html.erb within layouts/application (0.1ms)
Completed 200 OK in 545ms (Views: 544.1ms | ActiveRecord: 0.0ms)


Started GET "/assets/tracks.self-e3b0c44298fc1c149afbf4c8996fb92427ae41e4649b934ca495991b7852b855.css?body=1" for ::1 at 2016-06-19 10:33:53 -0700


Started GET "/assets/bundle.self-3be8c76ca7b8d77a52d014dc615868c125c010ae7c32a265149bd42d1a0690d8.js?body=1" for ::1 at 2016-06-19 10:33:53 -0700


Started GET "/assets/application.self-9e1e059d0cec7b5fc99903b203775ca38211f8c415c6125344581e7e971da196.css?body=1" for ::1 at 2016-06-19 10:33:53 -0700


Started GET "/assets/application.self-9e4e92925f0485c3b92db1c49086e61d2facb72ba1cbd2c008e77a5d8b03ee1d.js?body=1" for ::1 at 2016-06-19 10:33:53 -0700


Started GET "/assets/static_pages.self-e3b0c44298fc1c149afbf4c8996fb92427ae41e4649b934ca495991b7852b855.css?body=1" for ::1 at 2016-06-19 10:33:53 -0700


Started GET "/assets/bundle.js.map" for ::1 at 2016-06-19 10:33:53 -0700


Started GET "/" for ::1 at 2016-06-19 10:35:21 -0700
Processing by StaticPagesController#root as HTML
  Rendered static_pages/root.html.erb within layouts/application (0.9ms)
Completed 200 OK in 746ms (Views: 735.4ms | ActiveRecord: 0.0ms)


Started GET "/" for ::1 at 2016-06-19 10:35:22 -0700
Processing by StaticPagesController#root as HTML
  Rendered static_pages/root.html.erb within layouts/application (0.0ms)
Completed 200 OK in 16ms (Views: 14.9ms | ActiveRecord: 0.0ms)


Started GET "/" for ::1 at 2016-06-19 10:35:22 -0700
Processing by StaticPagesController#root as HTML
  Rendered static_pages/root.html.erb within layouts/application (0.0ms)
Completed 200 OK in 11ms (Views: 10.3ms | ActiveRecord: 0.0ms)


Started GET "/assets/static_pages.self-e3b0c44298fc1c149afbf4c8996fb92427ae41e4649b934ca495991b7852b855.css?body=1" for ::1 at 2016-06-19 10:35:22 -0700


Started GET "/assets/bundle.self-db022a3321da2dad5d9a5c1be9d6fd6341b0c5fc42948921f10ae453c93aa67e.js?body=1" for ::1 at 2016-06-19 10:35:22 -0700


Started GET "/assets/tracks.self-e3b0c44298fc1c149afbf4c8996fb92427ae41e4649b934ca495991b7852b855.css?body=1" for ::1 at 2016-06-19 10:35:22 -0700


Started GET "/assets/application.self-9e1e059d0cec7b5fc99903b203775ca38211f8c415c6125344581e7e971da196.css?body=1" for ::1 at 2016-06-19 10:35:22 -0700


Started GET "/assets/application.self-9e4e92925f0485c3b92db1c49086e61d2facb72ba1cbd2c008e77a5d8b03ee1d.js?body=1" for ::1 at 2016-06-19 10:35:22 -0700


Started GET "/assets/bundle.js.map" for ::1 at 2016-06-19 10:35:22 -0700


Started GET "/api/tracks" for ::1 at 2016-06-19 10:35:23 -0700
Processing by Api::TracksController#index as JSON
  [1m[36mTrack Load (31.2ms)[0m  [1mSELECT "tracks".* FROM "tracks"[0m
Completed 200 OK in 63ms (Views: 27.2ms | ActiveRecord: 31.2ms)
